1 1 1 1 4.785065404705506
1 1 1 2 0.741380351973408
1 1 1 3 0.0
1 1 1 4 0.0
1 1 1 5 0.0
1 1 1 6 0.121785349416812
1 1 1 7 0.121785349416812
1 1 2 1 0.741380351973408
1 1 2 2 1.11894686634247
1 1 2 3 0.0
1 1 2 4 0.0
1 1 2 5 0.0
1 1 2 6 0.313334133203848
1 1 2 7 0.313334133203848
1 1 3 1 0.0
1 1 3 2 0.0
1 1 3 3 1.115813812152428
1 1 3 4 0.0
1 1 3 5 0.0
1 1 3 6 0.183538575024754
1 1 3 7 -0.183538575024754
1 1 4 1 0.0
1 1 4 2 0.0
1 1 4 3 0.0
1 1 4 4 1.115813812152428
1 1 4 5 0.0
1 1 4 6 0.143396050576365
1 1 4 7 0.143396050576365
1 1 5 1 0.0
1 1 5 2 0.0
1 1 5 3 0.0
1 1 5 4 0.0
1 1 5 5 1.115813812152428
1 1 5 6 0.0
1 1 5 7 0.0
1 1 6 1 0.121785349416812
1 1 6 2 0.313334133203848
1 1 6 3 0.183538575024754
1 1 6 4 0.143396050576365
1 1 6 5 0.0
1 1 6 6 0.470723326368778
1 1 6 7 0.10586444424177
1 1 7 1 0.121785349416812
1 1 7 2 0.313334133203848
1 1 7 3 -0.183538575024754
1 1 7 4 0.143396050576365
1 1 7 5 0.0
1 1 7 6 0.10586444424177
1 1 7 7 0.470723326368778
1 2 1 1 0.741380351973408
1 2 1 2 0.136873385354388
1 2 1 3 0.0
1 2 1 4 0.0
1 2 1 5 0.0
1 2 1 6 0.022309236062653
1 2 1 7 0.022309236062653
1 2 2 1 0.136873385354388
1 2 2 2 0.256633394730974
1 2 2 3 0.0
1 2 2 4 0.0
1 2 2 5 0.0
1 2 2 6 0.07284010950806
1 2 2 7 0.07284010950806
1 2 3 1 0.0
1 2 3 2 0.0
1 2 3 3 0.256683985810103
1 2 3 4 0.0
1 2 3 5 0.0
1 2 3 6 0.043197737649215
1 2 3 7 -0.043197737649215
1 2 4 1 0.0
1 2 4 2 0.0
1 2 4 3 0.0
1 2 4 4 0.256683985810103
1 2 4 5 0.0
1 2 4 6 0.03374977152294
1 2 4 7 0.03374977152294
1 2 5 1 0.0
1 2 5 2 0.0
1 2 5 3 0.0
1 2 5 4 0.0
1 2 5 5 0.256683985810103
1 2 5 6 0.0
1 2 5 7 0.0
1 2 6 1 0.022309236062653
1 2 6 2 0.07284010950806
1 2 6 3 0.043197737649215
1 2 6 4 0.03374977152294
1 2 6 5 0.0
1 2 6 6 0.111191806911617
1 2 6 7 0.024847613930679
1 2 7 1 0.022309236062653
1 2 7 2 0.07284010950806
1 2 7 3 -0.043197737649215
1 2 7 4 0.03374977152294
1 2 7 5 0.0
1 2 7 6 0.024847613930679
1 2 7 7 0.111191806911617
1 3 1 1 0.0
1 3 1 2 0.0
1 3 1 3 0.024477412258099
1 3 1 4 0.0
1 3 1 5 0.0
1 3 1 6 0.000807385153071
1 3 1 7 -0.000807385153071
1 3 2 1 0.0
1 3 2 2 0.0
1 3 2 3 0.037808607416361
1 3 2 4 0.0
1 3 2 5 0.0
1 3 2 6 0.004317163347981
1 3 2 7 -0.004317163347981
1 3 3 1 0.024477412258099
1 3 3 2 0.037808607416361
1 3 3 3 0.0
1 3 3 4 0.0
1 3 3 5 0.0
1 3 3 6 0.009644729450701
1 3 3 7 0.009644729450701
1 3 4 1 0.0
1 3 4 2 0.0
1 3 4 3 0.0
1 3 4 4 0.0
1 3 4 5 0.0
1 3 4 6 0.001744920871023
1 3 4 7 -0.001744920871023
1 3 5 1 0.0
1 3 5 2 0.0
1 3 5 3 0.0
1 3 5 4 0.0
1 3 5 5 0.0
1 3 5 6 0.0
1 3 5 7 0.0
1 3 6 1 0.000807385153071
1 3 6 2 0.004317163347981
1 3 6 3 0.009644729450701
1 3 6 4 0.001744920871023
1 3 6 5 0.0
1 3 6 6 0.008115429695629
1 3 6 7 0.0
1 3 7 1 -0.000807385153071
1 3 7 2 -0.004317163347981
1 3 7 3 0.009644729450701
1 3 7 4 -0.001744920871023
1 3 7 5 0.0
1 3 7 6 0.0
1 3 7 7 -0.008115429695629
1 4 1 1 0.0
1 4 1 2 0.0
1 4 1 3 0.0
1 4 1 4 0.024477412258099
1 4 1 5 0.0
1 4 1 6 0.000630798415149
1 4 1 7 0.000630798415149
1 4 2 1 0.0
1 4 2 2 0.0
1 4 2 3 0.0
1 4 2 4 0.037808607416361
1 4 2 5 0.0
1 4 2 6 0.003372937671059
1 4 2 7 0.003372937671059
1 4 3 1 0.0
1 4 3 2 0.0
1 4 3 3 0.0
1 4 3 4 0.0
1 4 3 5 0.0
1 4 3 6 0.001744920871023
1 4 3 7 -0.001744920871023
1 4 4 1 0.024477412258099
1 4 4 2 0.037808607416361
1 4 4 3 0.0
1 4 4 4 0.0
1 4 4 5 0.0
1 4 4 6 0.008774614178918
1 4 4 7 0.008774614178918
1 4 5 1 0.0
1 4 5 2 0.0
1 4 5 3 0.0
1 4 5 4 0.0
1 4 5 5 0.0
1 4 5 6 0.0
1 4 5 7 0.0
1 4 6 1 0.000630798415149
1 4 6 2 0.003372937671059
1 4 6 3 0.001744920871023
1 4 6 4 0.008774614178918
1 4 6 5 0.0
1 4 6 6 0.006340468574121
1 4 6 7 0.001780485118538
1 4 7 1 0.000630798415149
1 4 7 2 0.003372937671059
1 4 7 3 -0.001744920871023
1 4 7 4 0.008774614178918
1 4 7 5 0.0
1 4 7 6 0.001780485118538
1 4 7 7 0.006340468574121
1 5 1 1 0.0
1 5 1 2 0.0
1 5 1 3 0.0
1 5 1 4 0.0
1 5 1 5 0.024477412258099
1 5 1 6 0.0
1 5 1 7 0.0
1 5 2 1 0.0
1 5 2 2 0.0
1 5 2 3 0.0
1 5 2 4 0.0
1 5 2 5 0.037808607416361
1 5 2 6 0.0
1 5 2 7 0.0
1 5 3 1 0.0
1 5 3 2 0.0
1 5 3 3 0.0
1 5 3 4 0.0
1 5 3 5 0.0
1 5 3 6 0.0
1 5 3 7 0.0
1 5 4 1 0.0
1 5 4 2 0.0
1 5 4 3 0.0
1 5 4 4 0.0
1 5 4 5 0.0
1 5 4 6 0.0
1 5 4 7 0.0
1 5 5 1 0.024477412258099
1 5 5 2 0.037808607416361
1 5 5 3 0.0
1 5 5 4 0.0
1 5 5 5 0.0
1 5 5 6 0.007411332582996
1 5 5 7 0.007411332582996
1 5 6 1 0.0
1 5 6 2 0.0
1 5 6 3 0.0
1 5 6 4 0.0
1 5 6 5 0.007411332582996
1 5 6 6 0.0
1 5 6 7 0.0
1 5 7 1 0.0
1 5 7 2 0.0
1 5 7 3 0.0
1 5 7 4 0.0
1 5 7 5 0.007411332582996
1 5 7 6 0.0
1 5 7 7 0.0
1 6 1 1 0.121785349416812
1 6 1 2 0.022309236062653
1 6 1 3 0.000807385153071
1 6 1 4 0.000630798415149
1 6 1 5 0.0
1 6 1 6 0.003683107960076
1 6 1 7 0.003626347038495
1 6 2 1 0.022309236062653
1 6 2 2 0.041611622300923
1 6 2 3 0.001519113027787
1 6 2 4 0.001186861173649
1 6 2 5 0.0
1 6 2 6 0.012121617421746
1 6 2 7 0.011738086015383
1 6 3 1 0.000807385153071
1 6 3 2 0.001519113027787
1 6 3 3 0.04168594504622
1 6 3 4 0.000121848710546
1 6 3 5 0.0
1 6 3 6 0.007487641649768
1 6 3 7 -0.006661611939184
1 6 4 1 0.000630798415149
1 6 4 2 0.001186861173649
1 6 4 3 0.000121848710546
1 6 4 4 0.041625184454921
1 6 4 5 0.0
1 6 4 6 0.005849986797397
1 6 4 7 0.005670572138161
1 6 5 1 0.0
1 6 5 2 0.0
1 6 5 3 0.0
1 6 5 4 0.0
1 6 5 5 0.041529985808763
1 6 5 6 0.0
1 6 5 7 0.0
1 6 6 1 0.003683107960076
1 6 6 2 0.012121617421746
1 6 6 3 0.007487641649768
1 6 6 4 0.005849986797397
1 6 6 5 0.0
1 6 6 6 0.018641085379951
1 6 6 7 0.004091767456984
1 6 7 1 0.003626347038495
1 6 7 2 0.011738086015383
1 6 7 3 -0.006661611939184
1 6 7 4 0.005670572138161
1 6 7 5 0.0
1 6 7 6 0.004091767456984
1 6 7 7 0.017890930404213
1 7 1 1 0.121785349416812
1 7 1 2 0.022309236062653
1 7 1 3 -0.000807385153071
1 7 1 4 0.000630798415149
1 7 1 5 0.0
1 7 1 6 0.003626347038495
1 7 1 7 0.003683107960076
1 7 2 1 0.022309236062653
1 7 2 2 0.041611622300923
1 7 2 3 -0.001519113027787
1 7 2 4 0.001186861173649
1 7 2 5 0.0
1 7 2 6 0.011738086015383
1 7 2 7 0.012121617421746
1 7 3 1 -0.000807385153071
1 7 3 2 -0.001519113027787
1 7 3 3 0.04168594504622
1 7 3 4 -0.000121848710546
1 7 3 5 0.0
1 7 3 6 0.006661611939184
1 7 3 7 -0.007487641649768
1 7 4 1 0.000630798415149
1 7 4 2 0.001186861173649
1 7 4 3 -0.000121848710546
1 7 4 4 0.041625184454921
1 7 4 5 0.0
1 7 4 6 0.005670572138161
1 7 4 7 0.005849986797397
1 7 5 1 0.0
1 7 5 2 0.0
1 7 5 3 0.0
1 7 5 4 0.0
1 7 5 5 0.041529985808763
1 7 5 6 0.0
1 7 5 7 0.0
1 7 6 1 0.003626347038495
1 7 6 2 0.011738086015383
1 7 6 3 0.006661611939184
1 7 6 4 0.005670572138161
1 7 6 5 0.0
1 7 6 6 0.017890930404213
1 7 6 7 0.004091767456984
1 7 7 1 0.003683107960076
1 7 7 2 0.012121617421746
1 7 7 3 -0.007487641649768
1 7 7 4 0.005849986797397
1 7 7 5 0.0
1 7 7 6 0.004091767456984
1 7 7 7 0.018641085379951
2 1 1 1 0.741380351973408
2 1 1 2 0.136873385354388
2 1 1 3 0.0
2 1 1 4 0.0
2 1 1 5 0.0
2 1 1 6 0.022309236062653
2 1 1 7 0.022309236062653
2 1 2 1 0.136873385354388
2 1 2 2 0.256633394730974
2 1 2 3 0.0
2 1 2 4 0.0
2 1 2 5 0.0
2 1 2 6 0.07284010950806
2 1 2 7 0.07284010950806
2 1 3 1 0.0
2 1 3 2 0.0
2 1 3 3 0.256683985810103
2 1 3 4 0.0
2 1 3 5 0.0
2 1 3 6 0.043197737649215
2 1 3 7 -0.043197737649215
2 1 4 1 0.0
2 1 4 2 0.0
2 1 4 3 0.0
2 1 4 4 0.256683985810103
2 1 4 5 0.0
2 1 4 6 0.03374977152294
2 1 4 7 0.03374977152294
2 1 5 1 0.0
2 1 5 2 0.0
2 1 5 3 0.0
2 1 5 4 0.0
2 1 5 5 0.256683985810103
2 1 5 6 0.0
2 1 5 7 0.0
2 1 6 1 0.022309236062653
2 1 6 2 0.07284010950806
2 1 6 3 0.043197737649215
2 1 6 4 0.03374977152294
2 1 6 5 0.0
2 1 6 6 0.111191806911617
2 1 6 7 0.024847613930679
2 1 7 1 0.022309236062653
2 1 7 2 0.07284010950806
2 1 7 3 -0.043197737649215
2 1 7 4 0.03374977152294
2 1 7 5 0.0
2 1 7 6 0.024847613930679
2 1 7 7 0.111191806911617
2 2 1 1 1.11894686634247
2 2 1 2 0.256633394730974
2 2 1 3 0.0
2 2 1 4 0.0
2 2 1 5 0.0
2 2 1 6 0.041611622300923
2 2 1 7 0.041611622300923
2 2 2 1 0.256633394730974
2 2 2 2 0.817206321526058
2 2 2 3 0.0
2 2 2 4 0.0
2 2 2 5 0.0
2 2 2 6 0.258884490884116
2 2 2 7 0.258884490884116
2 2 3 1 0.0
2 2 3 2 0.0
2 2 3 3 0.817022605320914
2 2 3 4 0.0
2 2 3 5 0.0
2 2 3 6 0.163910454165551
2 2 3 7 -0.163910454165551
2 2 4 1 0.0
2 2 4 2 0.0
2 2 4 3 0.0
2 2 4 4 0.817022605320914
2 2 4 5 0.0
2 2 4 6 0.128060881873733
2 2 4 7 0.128060881873733
2 2 5 1 0.0
2 2 5 2 0.0
2 2 5 3 0.0
2 2 5 4 0.0
2 2 5 5 0.817022605320914
2 2 5 6 0.0
2 2 5 7 0.0
2 2 6 1 0.041611622300923
2 2 6 2 0.258884490884116
2 2 6 3 0.163910454165551
2 2 6 4 0.128060881873733
2 2 6 5 0.0
2 2 6 6 0.454660662254829
2 2 6 7 0.096193087497251
2 2 7 1 0.041611622300923
2 2 7 2 0.258884490884116
2 2 7 3 -0.163910454165551
2 2 7 4 0.128060881873733
2 2 7 5 0.0
2 2 7 6 0.096193087497251
2 2 7 7 0.454660662254829
2 3 1 1 0.0
2 3 1 2 0.0
2 3 1 3 0.037808607416361
2 3 1 4 0.0
2 3 1 5 0.0
2 3 1 6 0.001519113027787
2 3 1 7 -0.001519113027787
2 3 2 1 0.0
2 3 2 2 0.0
2 3 2 3 0.180518392104632
2 3 2 4 0.0
2 3 2 5 0.0
2 3 2 6 0.033774590907255
2 3 2 7 -0.033774590907255
2 3 3 1 0.037808607416361
2 3 3 2 0.180518392104632
2 3 3 3 0.0
2 3 3 4 0.0
2 3 3 5 0.0
2 3 3 6 0.064012118671572
2 3 3 7 0.064012118671572
2 3 4 1 0.0
2 3 4 2 0.0
2 3 4 3 0.0
2 3 4 4 0.0
2 3 4 5 0.0
2 3 4 6 0.015709756842096
2 3 4 7 -0.015709756842096
2 3 5 1 0.0
2 3 5 2 0.0
2 3 5 3 0.0
2 3 5 4 0.0
2 3 5 5 0.0
2 3 5 6 0.0
2 3 5 7 0.0
2 3 6 1 0.001519113027787
2 3 6 2 0.033774590907255
2 3 6 3 0.064012118671572
2 3 6 4 0.015709756842096
2 3 6 5 0.0
2 3 6 6 0.088850240147481
2 3 6 7 0.0
2 3 7 1 -0.001519113027787
2 3 7 2 -0.033774590907255
2 3 7 3 0.064012118671572
2 3 7 4 -0.015709756842096
2 3 7 5 0.0
2 3 7 6 0.0
2 3 7 7 -0.088850240147481
2 4 1 1 0.0
2 4 1 2 0.0
2 4 1 3 0.0
2 4 1 4 0.037808607416361
2 4 1 5 0.0
2 4 1 6 0.001186861173649
2 4 1 7 0.001186861173649
2 4 2 1 0.0
2 4 2 2 0.0
2 4 2 3 0.0
2 4 2 4 0.180518392104632
2 4 2 5 0.0
2 4 2 6 0.026387602416983
2 4 2 7 0.026387602416983
2 4 3 1 0.0
2 4 3 2 0.0
2 4 3 3 0.0
2 4 3 4 0.0
2 4 3 5 0.0
2 4 3 6 0.015709756842096
2 4 3 7 -0.015709756842096
2 4 4 1 0.037808607416361
2 4 4 2 0.180518392104632
2 4 4 3 0.0
2 4 4 4 0.0
2 4 4 5 0.0
2 4 4 6 0.056178354074388
2 4 4 7 0.056178354074388
2 4 5 1 0.0
2 4 5 2 0.0
2 4 5 3 0.0
2 4 5 4 0.0
2 4 5 5 0.0
2 4 5 6 0.0
2 4 5 7 0.0
2 4 6 1 0.001186861173649
2 4 6 2 0.026387602416983
2 4 6 3 0.015709756842096
2 4 6 4 0.056178354074388
2 4 6 5 0.0
2 4 6 6 0.069417415538897
2 4 6 7 0.016738373835546
2 4 7 1 0.001186861173649
2 4 7 2 0.026387602416983
2 4 7 3 -0.015709756842096
2 4 7 4 0.056178354074388
2 4 7 5 0.0
2 4 7 6 0.016738373835546
2 4 7 7 0.069417415538897
2 5 1 1 0.0
2 5 1 2 0.0
2 5 1 3 0.0
2 5 1 4 0.0
2 5 1 5 0.037808607416361
2 5 1 6 0.0
2 5 1 7 0.0
2 5 2 1 0.0
2 5 2 2 0.0
2 5 2 3 0.0
2 5 2 4 0.0
2 5 2 5 0.180518392104632
2 5 2 6 0.0
2 5 2 7 0.0
2 5 3 1 0.0
2 5 3 2 0.0
2 5 3 3 0.0
2 5 3 4 0.0
2 5 3 5 0.0
2 5 3 6 0.0
2 5 3 7 0.0
2 5 4 1 0.0
2 5 4 2 0.0
2 5 4 3 0.0
2 5 4 4 0.0
2 5 4 5 0.0
2 5 4 6 0.0
2 5 4 7 0.0
2 5 5 1 0.037808607416361
2 5 5 2 0.180518392104632
2 5 5 3 0.0
2 5 5 4 0.0
2 5 5 5 0.0
2 5 5 6 0.043904546857743
2 5 5 7 0.043904546857743
2 5 6 1 0.0
2 5 6 2 0.0
2 5 6 3 0.0
2 5 6 4 0.0
2 5 6 5 0.043904546857743
2 5 6 6 0.0
2 5 6 7 0.0
2 5 7 1 0.0
2 5 7 2 0.0
2 5 7 3 0.0
2 5 7 4 0.0
2 5 7 5 0.043904546857743
2 5 7 6 0.0
2 5 7 7 0.0
2 6 1 1 0.313334133203848
2 6 1 2 0.07284010950806
2 6 1 3 0.004317163347981
2 6 1 4 0.003372937671059
2 6 1 5 0.0
2 6 1 6 0.012121617421746
2 6 1 7 0.011738086015383
2 6 2 1 0.07284010950806
2 6 2 2 0.258884490884116
2 6 2 3 0.033774590907255
2 6 2 4 0.026387602416983
2 6 2 5 0.0
2 6 2 6 0.103816561020432
2 6 2 7 0.082805311891239
2 6 3 1 0.004317163347981
2 6 3 2 0.033774590907255
2 6 3 3 0.262635422168582
2 6 3 4 0.006469355508936
2 6 3 5 0.0
2 6 3 6 0.079876222072782
2 6 3 7 -0.044241691101453
2 6 4 1 0.003372937671059
2 6 4 2 0.026387602416983
2 6 4 3 0.006469355508936
2 6 4 4 0.259409439191131
2 6 4 5 0.0
2 6 4 6 0.062406144205124
2 6 4 7 0.048360757597054
2 6 5 1 0.0
2 6 5 2 0.0
2 6 5 3 0.0
2 6 5 4 0.0
2 6 5 5 0.254355024719237
2 6 5 6 0.0
2 6 5 7 0.0
2 6 6 1 0.012121617421746
2 6 6 2 0.103816561020432
2 6 6 3 0.079876222072782
2 6 6 4 0.062406144205124
2 6 6 5 0.0
2 6 6 6 0.235420950941441
2 6 6 7 0.038415486590652
2 6 7 1 0.011738086015383
2 6 7 2 0.082805311891239
2 6 7 3 -0.044241691101453
2 6 7 4 0.048360757597054
2 6 7 5 0.0
2 6 7 6 0.038415486590652
2 6 7 7 0.151924586584762
2 7 1 1 0.313334133203848
2 7 1 2 0.07284010950806
2 7 1 3 -0.004317163347981
2 7 1 4 0.003372937671059
2 7 1 5 0.0
2 7 1 6 0.011738086015383
2 7 1 7 0.012121617421746
2 7 2 1 0.07284010950806
2 7 2 2 0.258884490884116
2 7 2 3 -0.033774590907255
2 7 2 4 0.026387602416983
2 7 2 5 0.0
2 7 2 6 0.082805311891239
2 7 2 7 0.103816561020432
2 7 3 1 -0.004317163347981
2 7 3 2 -0.033774590907255
2 7 3 3 0.262635422168582
2 7 3 4 -0.006469355508936
2 7 3 5 0.0
2 7 3 6 0.044241691101453
2 7 3 7 -0.079876222072782
2 7 4 1 0.003372937671059
2 7 4 2 0.026387602416983
2 7 4 3 -0.006469355508936
2 7 4 4 0.259409439191131
2 7 4 5 0.0
2 7 4 6 0.048360757597054
2 7 4 7 0.062406144205123
2 7 5 1 0.0
2 7 5 2 0.0
2 7 5 3 0.0
2 7 5 4 0.0
2 7 5 5 0.254355024719237
2 7 5 6 0.0
2 7 5 7 0.0
2 7 6 1 0.011738086015383
2 7 6 2 0.082805311891239
2 7 6 3 0.044241691101453
2 7 6 4 0.048360757597054
2 7 6 5 0.0
2 7 6 6 0.151924586584762
2 7 6 7 0.038415486590652
2 7 7 1 0.012121617421746
2 7 7 2 0.103816561020432
2 7 7 3 -0.079876222072782
2 7 7 4 0.062406144205123
2 7 7 5 0.0
2 7 7 6 0.038415486590652
2 7 7 7 0.235420950941441
3 1 1 1 0.0
3 1 1 2 0.0
3 1 1 3 0.024477412258099
3 1 1 4 0.0
3 1 1 5 0.0
3 1 1 6 0.000807385153071
3 1 1 7 -0.000807385153071
3 1 2 1 0.0
3 1 2 2 0.0
3 1 2 3 0.037808607416361
3 1 2 4 0.0
3 1 2 5 0.0
3 1 2 6 0.004317163347981
3 1 2 7 -0.004317163347981
3 1 3 1 0.024477412258099
3 1 3 2 0.037808607416361
3 1 3 3 0.0
3 1 3 4 0.0
3 1 3 5 0.0
3 1 3 6 0.009644729450701
3 1 3 7 0.009644729450701
3 1 4 1 0.0
3 1 4 2 0.0
3 1 4 3 0.0
3 1 4 4 0.0
3 1 4 5 0.0
3 1 4 6 0.001744920871023
3 1 4 7 -0.001744920871023
3 1 5 1 0.0
3 1 5 2 0.0
3 1 5 3 0.0
3 1 5 4 0.0
3 1 5 5 0.0
3 1 5 6 0.0
3 1 5 7 0.0
3 1 6 1 0.000807385153071
3 1 6 2 0.004317163347981
3 1 6 3 0.009644729450701
3 1 6 4 0.001744920871023
3 1 6 5 0.0
3 1 6 6 0.008115429695629
3 1 6 7 0.0
3 1 7 1 -0.000807385153071
3 1 7 2 -0.004317163347981
3 1 7 3 0.009644729450701
3 1 7 4 -0.001744920871023
3 1 7 5 0.0
3 1 7 6 0.0
3 1 7 7 -0.008115429695629
3 2 1 1 0.0
3 2 1 2 0.0
3 2 1 3 0.037808607416361
3 2 1 4 0.0
3 2 1 5 0.0
3 2 1 6 0.001519113027787
3 2 1 7 -0.001519113027787
3 2 2 1 0.0
3 2 2 2 0.0
3 2 2 3 0.180518392104632
3 2 2 4 0.0
3 2 2 5 0.0
3 2 2 6 0.033774590907255
3 2 2 7 -0.033774590907255
3 2 3 1 0.037808607416361
3 2 3 2 0.180518392104632
3 2 3 3 0.0
3 2 3 4 0.0
3 2 3 5 0.0
3 2 3 6 0.064012118671572
3 2 3 7 0.064012118671572
3 2 4 1 0.0
3 2 4 2 0.0
3 2 4 3 0.0
3 2 4 4 0.0
3 2 4 5 0.0
3 2 4 6 0.015709756842096
3 2 4 7 -0.015709756842096
3 2 5 1 0.0
3 2 5 2 0.0
3 2 5 3 0.0
3 2 5 4 0.0
3 2 5 5 0.0
3 2 5 6 0.0
3 2 5 7 0.0
3 2 6 1 0.001519113027787
3 2 6 2 0.033774590907255
3 2 6 3 0.064012118671572
3 2 6 4 0.015709756842096
3 2 6 5 0.0
3 2 6 6 0.088850240147481
3 2 6 7 0.0
3 2 7 1 -0.001519113027787
3 2 7 2 -0.033774590907255
3 2 7 3 0.064012118671572
3 2 7 4 -0.015709756842096
3 2 7 5 0.0
3 2 7 6 0.0
3 2 7 7 -0.088850240147481
3 3 1 1 1.115813812152428
3 3 1 2 0.256683985810103
3 3 1 3 0.0
3 3 1 4 0.0
3 3 1 5 0.0
3 3 1 6 0.04168594504622
3 3 1 7 0.04168594504622
3 3 2 1 0.256683985810103
3 3 2 2 0.817022605320914
3 3 2 3 0.0
3 3 2 4 0.0
3 3 2 5 0.0
3 3 2 6 0.262635422168582
3 3 2 7 0.262635422168582
3 3 3 1 0.0
3 3 3 2 0.0
3 3 3 3 0.880159093375046
3 3 3 4 0.0
3 3 3 5 0.0
3 3 3 6 0.175365427696742
3 3 3 7 -0.175365427696742
3 3 4 1 0.0
3 3 4 2 0.0
3 3 4 3 0.0
3 3 4 4 0.785270203138277
3 3 4 5 0.0
3 3 4 6 0.126210780623062
3 3 4 7 0.126210780623062
3 3 5 1 0.0
3 3 5 2 0.0
3 3 5 3 0.0
3 3 5 4 0.0
3 3 5 5 0.785270203138277
3 3 5 6 0.0
3 3 5 7 0.0
3 3 6 1 0.04168594504622
3 3 6 2 0.262635422168582
3 3 6 3 0.175365427696742
3 3 6 4 0.126210780623062
3 3 6 5 0.0
3 3 6 6 0.469762103528712
3 3 6 7 0.095806822348931
3 3 7 1 0.04168594504622
3 3 7 2 0.262635422168582
3 3 7 3 -0.175365427696742
3 3 7 4 0.126210780623062
3 3 7 5 0.0
3 3 7 6 0.095806822348931
3 3 7 7 0.469762103528713
3 4 1 1 0.0
3 4 1 2 0.0
3 4 1 3 0.0
3 4 1 4 0.0
3 4 1 5 0.0
3 4 1 6 0.000121848710546
3 4 1 7 -0.000121848710546
3 4 2 1 0.0
3 4 2 2 0.0
3 4 2 3 0.0
3 4 2 4 0.0
3 4 2 5 0.0
3 4 2 6 0.006469355508936
3 4 2 7 -0.006469355508936
3 4 3 1 0.0
3 4 3 2 0.0
3 4 3 3 0.0
3 4 3 4 0.047444445118384
3 4 3 5 0.0
3 4 3 6 0.009282755762835
3 4 3 7 0.009282755762835
3 4 4 1 0.0
3 4 4 2 0.0
3 4 4 3 0.047444445118384
3 4 4 4 0.0
3 4 4 5 0.0
3 4 4 6 0.009945153134844
3 4 4 7 -0.009945153134844
3 4 5 1 0.0
3 4 5 2 0.0
3 4 5 3 0.0
3 4 5 4 0.0
3 4 5 5 0.0
3 4 5 6 0.0
3 4 5 7 0.0
3 4 6 1 0.000121848710546
3 4 6 2 0.006469355508936
3 4 6 3 0.009282755762835
3 4 6 4 0.009945153134844
3 4 6 5 0.0
3 4 6 6 0.025791716791396
3 4 6 7 0.0
3 4 7 1 -0.000121848710546
3 4 7 2 -0.006469355508936
3 4 7 3 0.009282755762835
3 4 7 4 -0.009945153134844
3 4 7 5 0.0
3 4 7 6 0.0
3 4 7 7 -0.025791716791396
3 5 1 1 0.0
3 5 1 2 0.0
3 5 1 3 0.0
3 5 1 4 0.0
3 5 1 5 0.0
3 5 1 6 0.0
3 5 1 7 0.0
3 5 2 1 0.0
3 5 2 2 0.0
3 5 2 3 0.0
3 5 2 4 0.0
3 5 2 5 0.0
3 5 2 6 0.0
3 5 2 7 0.0
3 5 3 1 0.0
3 5 3 2 0.0
3 5 3 3 0.0
3 5 3 4 0.0
3 5 3 5 0.047444445118384
3 5 3 6 0.0
3 5 3 7 0.0
3 5 4 1 0.0
3 5 4 2 0.0
3 5 4 3 0.0
3 5 4 4 0.0
3 5 4 5 0.0
3 5 4 6 0.0
3 5 4 7 0.0
3 5 5 1 0.0
3 5 5 2 0.0
3 5 5 3 0.047444445118384
3 5 5 4 0.0
3 5 5 5 0.0
3 5 5 6 0.006911497572849
3 5 5 7 -0.006911497572849
3 5 6 1 0.0
3 5 6 2 0.0
3 5 6 3 0.0
3 5 6 4 0.0
3 5 6 5 0.006911497572849
3 5 6 6 0.0
3 5 6 7 0.0
3 5 7 1 0.0
3 5 7 2 0.0
3 5 7 3 0.0
3 5 7 4 0.0
3 5 7 5 -0.006911497572849
3 5 7 6 0.0
3 5 7 7 0.0
3 6 1 1 0.183538575024754
3 6 1 2 0.043197737649215
3 6 1 3 0.009644729450701
3 6 1 4 0.001744920871023
3 6 1 5 0.0
3 6 1 6 0.007487641649768
3 6 1 7 0.006661611939184
3 6 2 1 0.043197737649215
3 6 2 2 0.163910454165551
3 6 2 3 0.064012118671572
3 6 2 4 0.015709756842096
3 6 2 5 0.0
3 6 2 6 0.079876222072782
3 6 2 7 0.044241691101453
3 6 3 1 0.009644729450701
3 6 3 2 0.064012118671572
3 6 3 3 0.175365427696742
3 6 3 4 0.009282755762835
3 6 3 5 0.0
3 6 3 6 0.075103217640351
3 6 3 7 -0.013099738777752
3 6 4 1 0.001744920871023
3 6 4 2 0.015709756842096
3 6 4 3 0.009282755762835
3 6 4 4 0.159606200123556
3 6 4 5 0.0
3 6 4 6 0.047460399285077
3 6 4 7 0.025320151118325
3 6 5 1 0.0
3 6 5 2 0.0
3 6 5 3 0.0
3 6 5 4 0.0
3 6 5 5 0.156572544561561
3 6 5 6 0.0
3 6 5 7 0.0
3 6 6 1 0.007487641649768
3 6 6 2 0.079876222072782
3 6 6 3 0.075103217640351
3 6 6 4 0.047460399285077
3 6 6 5 0.0
3 6 6 6 0.206690042488559
3 6 6 7 0.025685197500691
3 6 7 1 0.006661611939184
3 6 7 2 0.044241691101453
3 6 7 3 -0.013099738777752
3 6 7 4 0.025320151118325
3 6 7 5 0.0
3 6 7 6 0.025685197500691
3 6 7 7 0.073615422819083
3 7 1 1 -0.183538575024754
3 7 1 2 -0.043197737649215
3 7 1 3 0.009644729450701
3 7 1 4 -0.001744920871023
3 7 1 5 0.0
3 7 1 6 -0.006661611939184
3 7 1 7 -0.007487641649768
3 7 2 1 -0.043197737649215
3 7 2 2 -0.163910454165551
3 7 2 3 0.064012118671572
3 7 2 4 -0.015709756842096
3 7 2 5 0.0
3 7 2 6 -0.044241691101453
3 7 2 7 -0.079876222072782
3 7 3 1 0.009644729450701
3 7 3 2 0.064012118671572
3 7 3 3 -0.175365427696742
3 7 3 4 0.009282755762835
3 7 3 5 0.0
3 7 3 6 -0.013099738777752
3 7 3 7 0.075103217640351
3 7 4 1 -0.001744920871023
3 7 4 2 -0.015709756842096
3 7 4 3 0.009282755762835
3 7 4 4 -0.159606200123556
3 7 4 5 0.0
3 7 4 6 -0.025320151118325
3 7 4 7 -0.047460399285077
3 7 5 1 0.0
3 7 5 2 0.0
3 7 5 3 0.0
3 7 5 4 0.0
3 7 5 5 -0.156572544561561
3 7 5 6 0.0
3 7 5 7 0.0
3 7 6 1 -0.006661611939184
3 7 6 2 -0.044241691101453
3 7 6 3 -0.013099738777752
3 7 6 4 -0.025320151118325
3 7 6 5 0.0
3 7 6 6 -0.073615422819083
3 7 6 7 -0.025685197500691
3 7 7 1 -0.007487641649768
3 7 7 2 -0.079876222072782
3 7 7 3 0.075103217640351
3 7 7 4 -0.047460399285077
3 7 7 5 0.0
3 7 7 6 -0.025685197500691
3 7 7 7 -0.20669004248856
4 1 1 1 0.0
4 1 1 2 0.0
4 1 1 3 0.0
4 1 1 4 0.024477412258099
4 1 1 5 0.0
4 1 1 6 0.000630798415149
4 1 1 7 0.000630798415149
4 1 2 1 0.0
4 1 2 2 0.0
4 1 2 3 0.0
4 1 2 4 0.037808607416361
4 1 2 5 0.0
4 1 2 6 0.003372937671059
4 1 2 7 0.003372937671059
4 1 3 1 0.0
4 1 3 2 0.0
4 1 3 3 0.0
4 1 3 4 0.0
4 1 3 5 0.0
4 1 3 6 0.001744920871023
4 1 3 7 -0.001744920871023
4 1 4 1 0.024477412258099
4 1 4 2 0.037808607416361
4 1 4 3 0.0
4 1 4 4 0.0
4 1 4 5 0.0
4 1 4 6 0.008774614178918
4 1 4 7 0.008774614178918
4 1 5 1 0.0
4 1 5 2 0.0
4 1 5 3 0.0
4 1 5 4 0.0
4 1 5 5 0.0
4 1 5 6 0.0
4 1 5 7 0.0
4 1 6 1 0.000630798415149
4 1 6 2 0.003372937671059
4 1 6 3 0.001744920871023
4 1 6 4 0.008774614178918
4 1 6 5 0.0
4 1 6 6 0.006340468574121
4 1 6 7 0.001780485118538
4 1 7 1 0.000630798415149
4 1 7 2 0.003372937671059
4 1 7 3 -0.001744920871023
4 1 7 4 0.008774614178918
4 1 7 5 0.0
4 1 7 6 0.001780485118538
4 1 7 7 0.006340468574121
4 2 1 1 0.0
4 2 1 2 0.0
4 2 1 3 0.0
4 2 1 4 0.037808607416361
4 2 1 5 0.0
4 2 1 6 0.001186861173649
4 2 1 7 0.001186861173649
4 2 2 1 0.0
4 2 2 2 0.0
4 2 2 3 0.0
4 2 2 4 0.180518392104632
4 2 2 5 0.0
4 2 2 6 0.026387602416983
4 2 2 7 0.026387602416983
4 2 3 1 0.0
4 2 3 2 0.0
4 2 3 3 0.0
4 2 3 4 0.0
4 2 3 5 0.0
4 2 3 6 0.015709756842096
4 2 3 7 -0.015709756842096
4 2 4 1 0.037808607416361
4 2 4 2 0.180518392104632
4 2 4 3 0.0
4 2 4 4 0.0
4 2 4 5 0.0
4 2 4 6 0.056178354074388
4 2 4 7 0.056178354074388
4 2 5 1 0.0
4 2 5 2 0.0
4 2 5 3 0.0
4 2 5 4 0.0
4 2 5 5 0.0
4 2 5 6 0.0
4 2 5 7 0.0
4 2 6 1 0.001186861173649
4 2 6 2 0.026387602416983
4 2 6 3 0.015709756842096
4 2 6 4 0.056178354074388
4 2 6 5 0.0
4 2 6 6 0.069417415538897
4 2 6 7 0.016738373835546
4 2 7 1 0.001186861173649
4 2 7 2 0.026387602416983
4 2 7 3 -0.015709756842096
4 2 7 4 0.056178354074388
4 2 7 5 0.0
4 2 7 6 0.016738373835546
4 2 7 7 0.069417415538897
4 3 1 1 0.0
4 3 1 2 0.0
4 3 1 3 0.0
4 3 1 4 0.0
4 3 1 5 0.0
4 3 1 6 0.000121848710546
4 3 1 7 -0.000121848710546
4 3 2 1 0.0
4 3 2 2 0.0
4 3 2 3 0.0
4 3 2 4 0.0
4 3 2 5 0.0
4 3 2 6 0.006469355508936
4 3 2 7 -0.006469355508936
4 3 3 1 0.0
4 3 3 2 0.0
4 3 3 3 0.0
4 3 3 4 0.047444445118384
4 3 3 5 0.0
4 3 3 6 0.009282755762835
4 3 3 7 0.009282755762835
4 3 4 1 0.0
4 3 4 2 0.0
4 3 4 3 0.047444445118384
4 3 4 4 0.0
4 3 4 5 0.0
4 3 4 6 0.009945153134844
4 3 4 7 -0.009945153134844
4 3 5 1 0.0
4 3 5 2 0.0
4 3 5 3 0.0
4 3 5 4 0.0
4 3 5 5 0.0
4 3 5 6 0.0
4 3 5 7 0.0
4 3 6 1 0.000121848710546
4 3 6 2 0.006469355508936
4 3 6 3 0.009282755762835
4 3 6 4 0.009945153134844
4 3 6 5 0.0
4 3 6 6 0.025791716791396
4 3 6 7 0.0
4 3 7 1 -0.000121848710546
4 3 7 2 -0.006469355508936
4 3 7 3 0.009282755762835
4 3 7 4 -0.009945153134844
4 3 7 5 0.0
4 3 7 6 0.0
4 3 7 7 -0.025791716791396
4 4 1 1 1.115813812152428
4 4 1 2 0.256683985810103
4 4 1 3 0.0
4 4 1 4 0.0
4 4 1 5 0.0
4 4 1 6 0.041625184454921
4 4 1 7 0.041625184454921
4 4 2 1 0.256683985810103
4 4 2 2 0.817022605320914
4 4 2 3 0.0
4 4 2 4 0.0
4 4 2 5 0.0
4 4 2 6 0.259409439191131
4 4 2 7 0.259409439191131
4 4 3 1 0.0
4 4 3 2 0.0
4 4 3 3 0.785270203138277
4 4 3 4 0.0
4 4 3 5 0.0
4 4 3 6 0.159606200123556
4 4 3 7 -0.159606200123556
4 4 4 1 0.0
4 4 4 2 0.0
4 4 4 3 0.0
4 4 4 4 0.880159093375046
4 4 4 5 0.0
4 4 4 6 0.135497737480495
4 4 4 7 0.135497737480495
4 4 5 1 0.0
4 4 5 2 0.0
4 4 5 3 0.0
4 4 5 4 0.0
4 4 5 5 0.785270203138277
4 4 5 6 0.0
4 4 5 7 0.0
4 4 6 1 0.041625184454921
4 4 6 2 0.259409439191131
4 4 6 3 0.159606200123556
4 4 6 4 0.135497737480495
4 4 6 5 0.0
4 4 6 6 0.456900909053721
4 4 6 7 0.098762351285116
4 4 7 1 0.041625184454921
4 4 7 2 0.259409439191131
4 4 7 3 -0.159606200123556
4 4 7 4 0.135497737480495
4 4 7 5 0.0
4 4 7 6 0.098762351285116
4 4 7 7 0.456900909053721
4 5 1 1 0.0
4 5 1 2 0.0
4 5 1 3 0.0
4 5 1 4 0.0
4 5 1 5 0.0
4 5 1 6 0.0
4 5 1 7 0.0
4 5 2 1 0.0
4 5 2 2 0.0
4 5 2 3 0.0
4 5 2 4 0.0
4 5 2 5 0.0
4 5 2 6 0.0
4 5 2 7 0.0
4 5 3 1 0.0
4 5 3 2 0.0
4 5 3 3 0.0
4 5 3 4 0.0
4 5 3 5 0.0
4 5 3 6 0.0
4 5 3 7 0.0
4 5 4 1 0.0
4 5 4 2 0.0
4 5 4 3 0.0
4 5 4 4 0.0
4 5 4 5 0.047444445118384
4 5 4 6 0.0
4 5 4 7 0.0
4 5 5 1 0.0
4 5 5 2 0.0
4 5 5 3 0.0
4 5 5 4 0.047444445118384
4 5 5 5 0.0
4 5 5 6 0.005399853711303
4 5 5 7 0.005399853711303
4 5 6 1 0.0
4 5 6 2 0.0
4 5 6 3 0.0
4 5 6 4 0.0
4 5 6 5 0.005399853711303
4 5 6 6 0.0
4 5 6 7 0.0
4 5 7 1 0.0
4 5 7 2 0.0
4 5 7 3 0.0
4 5 7 4 0.0
4 5 7 5 0.005399853711303
4 5 7 6 0.0
4 5 7 7 0.0
4 6 1 1 0.143396050576365
4 6 1 2 0.03374977152294
4 6 1 3 0.001744920871023
4 6 1 4 0.008774614178918
4 6 1 5 0.0
4 6 1 6 0.005849986797397
4 6 1 7 0.005670572138161
4 6 2 1 0.03374977152294
4 6 2 2 0.128060881873733
4 6 2 3 0.015709756842096
4 6 2 4 0.056178354074388
4 6 2 5 0.0
4 6 2 6 0.062406144205124
4 6 2 7 0.048360757597054
4 6 3 1 0.001744920871023
4 6 3 2 0.015709756842096
4 6 3 3 0.126210780623062
4 6 3 4 0.009945153134844
4 6 3 5 0.0
4 6 3 6 0.047460399285077
4 6 3 7 -0.025320151118325
4 6 4 1 0.008774614178918
4 6 4 2 0.056178354074388
4 6 4 3 0.009945153134844
4 6 4 4 0.135497737480495
4 6 4 5 0.0
4 6 4 6 0.051436804504574
4 6 4 7 0.038857871090576
4 6 5 1 0.0
4 6 5 2 0.0
4 6 5 3 0.0
4 6 5 4 0.0
4 6 5 5 0.12232787857153
4 6 5 6 0.0
4 6 5 7 0.0
4 6 6 1 0.005849986797397
4 6 6 2 0.062406144205124
4 6 6 3 0.047460399285077
4 6 6 4 0.051436804504574
4 6 6 5 0.0
4 6 6 6 0.161483959338374
4 6 6 7 0.025974451190177
4 6 7 1 0.005670572138161
4 6 7 2 0.048360757597054
4 6 7 3 -0.025320151118325
4 6 7 4 0.038857871090576
4 6 7 5 0.0
4 6 7 6 0.025974451190177
4 6 7 7 0.096752175289782
4 7 1 1 0.143396050576365
4 7 1 2 0.03374977152294
4 7 1 3 -0.001744920871023
4 7 1 4 0.008774614178918
4 7 1 5 0.0
4 7 1 6 0.005670572138161
4 7 1 7 0.005849986797397
4 7 2 1 0.03374977152294
4 7 2 2 0.128060881873733
4 7 2 3 -0.015709756842096
4 7 2 4 0.056178354074388
4 7 2 5 0.0
4 7 2 6 0.048360757597054
4 7 2 7 0.062406144205123
4 7 3 1 -0.001744920871023
4 7 3 2 -0.015709756842096
4 7 3 3 0.126210780623062
4 7 3 4 -0.009945153134844
4 7 3 5 0.0
4 7 3 6 0.025320151118325
4 7 3 7 -0.047460399285077
4 7 4 1 0.008774614178918
4 7 4 2 0.056178354074388
4 7 4 3 -0.009945153134844
4 7 4 4 0.135497737480495
4 7 4 5 0.0
4 7 4 6 0.038857871090576
4 7 4 7 0.051436804504574
4 7 5 1 0.0
4 7 5 2 0.0
4 7 5 3 0.0
4 7 5 4 0.0
4 7 5 5 0.12232787857153
4 7 5 6 0.0
4 7 5 7 0.0
4 7 6 1 0.005670572138161
4 7 6 2 0.048360757597054
4 7 6 3 0.025320151118325
4 7 6 4 0.038857871090576
4 7 6 5 0.0
4 7 6 6 0.096752175289782
4 7 6 7 0.025974451190177
4 7 7 1 0.005849986797397
4 7 7 2 0.062406144205123
4 7 7 3 -0.047460399285077
4 7 7 4 0.051436804504574
4 7 7 5 0.0
4 7 7 6 0.025974451190177
4 7 7 7 0.161483959338374
5 1 1 1 0.0
5 1 1 2 0.0
5 1 1 3 0.0
5 1 1 4 0.0
5 1 1 5 0.024477412258099
5 1 1 6 0.0
5 1 1 7 0.0
5 1 2 1 0.0
5 1 2 2 0.0
5 1 2 3 0.0
5 1 2 4 0.0
5 1 2 5 0.037808607416361
5 1 2 6 0.0
5 1 2 7 0.0
5 1 3 1 0.0
5 1 3 2 0.0
5 1 3 3 0.0
5 1 3 4 0.0
5 1 3 5 0.0
5 1 3 6 0.0
5 1 3 7 0.0
5 1 4 1 0.0
5 1 4 2 0.0
5 1 4 3 0.0
5 1 4 4 0.0
5 1 4 5 0.0
5 1 4 6 0.0
5 1 4 7 0.0
5 1 5 1 0.024477412258099
5 1 5 2 0.037808607416361
5 1 5 3 0.0
5 1 5 4 0.0
5 1 5 5 0.0
5 1 5 6 0.007411332582996
5 1 5 7 0.007411332582996
5 1 6 1 0.0
5 1 6 2 0.0
5 1 6 3 0.0
5 1 6 4 0.0
5 1 6 5 0.007411332582996
5 1 6 6 0.0
5 1 6 7 0.0
5 1 7 1 0.0
5 1 7 2 0.0
5 1 7 3 0.0
5 1 7 4 0.0
5 1 7 5 0.007411332582996
5 1 7 6 0.0
5 1 7 7 0.0
5 2 1 1 0.0
5 2 1 2 0.0
5 2 1 3 0.0
5 2 1 4 0.0
5 2 1 5 0.037808607416361
5 2 1 6 0.0
5 2 1 7 0.0
5 2 2 1 0.0
5 2 2 2 0.0
5 2 2 3 0.0
5 2 2 4 0.0
5 2 2 5 0.180518392104632
5 2 2 6 0.0
5 2 2 7 0.0
5 2 3 1 0.0
5 2 3 2 0.0
5 2 3 3 0.0
5 2 3 4 0.0
5 2 3 5 0.0
5 2 3 6 0.0
5 2 3 7 0.0
5 2 4 1 0.0
5 2 4 2 0.0
5 2 4 3 0.0
5 2 4 4 0.0
5 2 4 5 0.0
5 2 4 6 0.0
5 2 4 7 0.0
5 2 5 1 0.037808607416361
5 2 5 2 0.180518392104632
5 2 5 3 0.0
5 2 5 4 0.0
5 2 5 5 0.0
5 2 5 6 0.043904546857743
5 2 5 7 0.043904546857743
5 2 6 1 0.0
5 2 6 2 0.0
5 2 6 3 0.0
5 2 6 4 0.0
5 2 6 5 0.043904546857743
5 2 6 6 0.0
5 2 6 7 0.0
5 2 7 1 0.0
5 2 7 2 0.0
5 2 7 3 0.0
5 2 7 4 0.0
5 2 7 5 0.043904546857743
5 2 7 6 0.0
5 2 7 7 0.0
5 3 1 1 0.0
5 3 1 2 0.0
5 3 1 3 0.0
5 3 1 4 0.0
5 3 1 5 0.0
5 3 1 6 0.0
5 3 1 7 0.0
5 3 2 1 0.0
5 3 2 2 0.0
5 3 2 3 0.0
5 3 2 4 0.0
5 3 2 5 0.0
5 3 2 6 0.0
5 3 2 7 0.0
5 3 3 1 0.0
5 3 3 2 0.0
5 3 3 3 0.0
5 3 3 4 0.0
5 3 3 5 0.047444445118384
5 3 3 6 0.0
5 3 3 7 0.0
5 3 4 1 0.0
5 3 4 2 0.0
5 3 4 3 0.0
5 3 4 4 0.0
5 3 4 5 0.0
5 3 4 6 0.0
5 3 4 7 0.0
5 3 5 1 0.0
5 3 5 2 0.0
5 3 5 3 0.047444445118384
5 3 5 4 0.0
5 3 5 5 0.0
5 3 5 6 0.006911497572849
5 3 5 7 -0.006911497572849
5 3 6 1 0.0
5 3 6 2 0.0
5 3 6 3 0.0
5 3 6 4 0.0
5 3 6 5 0.006911497572849
5 3 6 6 0.0
5 3 6 7 0.0
5 3 7 1 0.0
5 3 7 2 0.0
5 3 7 3 0.0
5 3 7 4 0.0
5 3 7 5 -0.006911497572849
5 3 7 6 0.0
5 3 7 7 0.0
5 4 1 1 0.0
5 4 1 2 0.0
5 4 1 3 0.0
5 4 1 4 0.0
5 4 1 5 0.0
5 4 1 6 0.0
5 4 1 7 0.0
5 4 2 1 0.0
5 4 2 2 0.0
5 4 2 3 0.0
5 4 2 4 0.0
5 4 2 5 0.0
5 4 2 6 0.0
5 4 2 7 0.0
5 4 3 1 0.0
5 4 3 2 0.0
5 4 3 3 0.0
5 4 3 4 0.0
5 4 3 5 0.0
5 4 3 6 0.0
5 4 3 7 0.0
5 4 4 1 0.0
5 4 4 2 0.0
5 4 4 3 0.0
5 4 4 4 0.0
5 4 4 5 0.047444445118384
5 4 4 6 0.0
5 4 4 7 0.0
5 4 5 1 0.0
5 4 5 2 0.0
5 4 5 3 0.0
5 4 5 4 0.047444445118384
5 4 5 5 0.0
5 4 5 6 0.005399853711303
5 4 5 7 0.005399853711303
5 4 6 1 0.0
5 4 6 2 0.0
5 4 6 3 0.0
5 4 6 4 0.0
5 4 6 5 0.005399853711303
5 4 6 6 0.0
5 4 6 7 0.0
5 4 7 1 0.0
5 4 7 2 0.0
5 4 7 3 0.0
5 4 7 4 0.0
5 4 7 5 0.005399853711303
5 4 7 6 0.0
5 4 7 7 0.0
5 5 1 1 1.115813812152428
5 5 1 2 0.256683985810103
5 5 1 3 0.0
5 5 1 4 0.0
5 5 1 5 0.0
5 5 1 6 0.041529985808763
5 5 1 7 0.041529985808763
5 5 2 1 0.256683985810103
5 5 2 2 0.817022605320914
5 5 2 3 0.0
5 5 2 4 0.0
5 5 2 5 0.0
5 5 2 6 0.254355024719237
5 5 2 7 0.254355024719237
5 5 3 1 0.0
5 5 3 2 0.0
5 5 3 3 0.785270203138277
5 5 3 4 0.0
5 5 3 5 0.0
5 5 3 6 0.156572544561561
5 5 3 7 -0.156572544561561
5 5 4 1 0.0
5 5 4 2 0.0
5 5 4 3 0.0
5 5 4 4 0.785270203138277
5 5 4 5 0.0
5 5 4 6 0.12232787857153
5 5 4 7 0.12232787857153
5 5 5 1 0.0
5 5 5 2 0.0
5 5 5 3 0.0
5 5 5 4 0.0
5 5 5 5 0.880159093375046
5 5 5 6 0.0
5 5 5 7 0.0
5 5 6 1 0.041529985808763
5 5 6 2 0.254355024719237
5 5 6 3 0.156572544561561
5 5 6 4 0.12232787857153
5 5 6 5 0.0
5 5 6 6 0.436750211441671
5 5 6 7 0.093903792729994
5 5 7 1 0.041529985808763
5 5 7 2 0.254355024719237
5 5 7 3 -0.156572544561561
5 5 7 4 0.12232787857153
5 5 7 5 0.0
5 5 7 6 0.093903792729994
5 5 7 7 0.436750211441671
5 6 1 1 0.0
5 6 1 2 0.0
5 6 1 3 0.0
5 6 1 4 0.0
5 6 1 5 0.007411332582996
5 6 1 6 0.0
5 6 1 7 0.0
5 6 2 1 0.0
5 6 2 2 0.0
5 6 2 3 0.0
5 6 2 4 0.0
5 6 2 5 0.043904546857743
5 6 2 6 0.0
5 6 2 7 0.0
5 6 3 1 0.0
5 6 3 2 0.0
5 6 3 3 0.0
5 6 3 4 0.0
5 6 3 5 0.006911497572849
5 6 3 6 0.0
5 6 3 7 0.0
5 6 4 1 0.0
5 6 4 2 0.0
5 6 4 3 0.0
5 6 4 4 0.0
5 6 4 5 0.005399853711303
5 6 4 6 0.0
5 6 4 7 0.0
5 6 5 1 0.007411332582996
5 6 5 2 0.043904546857743
5 6 5 3 0.006911497572849
5 6 5 4 0.005399853711303
5 6 5 5 0.0
5 6 5 6 0.014356676714874
5 6 5 7 0.011033892047394
5 6 6 1 0.0
5 6 6 2 0.0
5 6 6 3 0.0
5 6 6 4 0.0
5 6 6 5 0.014356676714874
5 6 6 6 0.0
5 6 6 7 0.0
5 6 7 1 0.0
5 6 7 2 0.0
5 6 7 3 0.0
5 6 7 4 0.0
5 6 7 5 0.011033892047394
5 6 7 6 0.0
5 6 7 7 0.0
5 7 1 1 0.0
5 7 1 2 0.0
5 7 1 3 0.0
5 7 1 4 0.0
5 7 1 5 0.007411332582996
5 7 1 6 0.0
5 7 1 7 0.0
5 7 2 1 0.0
5 7 2 2 0.0
5 7 2 3 0.0
5 7 2 4 0.0
5 7 2 5 0.043904546857743
5 7 2 6 0.0
5 7 2 7 0.0
5 7 3 1 0.0
5 7 3 2 0.0
5 7 3 3 0.0
5 7 3 4 0.0
5 7 3 5 -0.006911497572849
5 7 3 6 0.0
5 7 3 7 0.0
5 7 4 1 0.0
5 7 4 2 0.0
5 7 4 3 0.0
5 7 4 4 0.0
5 7 4 5 0.005399853711303
5 7 4 6 0.0
5 7 4 7 0.0
5 7 5 1 0.007411332582996
5 7 5 2 0.043904546857743
5 7 5 3 -0.006911497572849
5 7 5 4 0.005399853711303
5 7 5 5 0.0
5 7 5 6 0.011033892047394
5 7 5 7 0.014356676714874
5 7 6 1 0.0
5 7 6 2 0.0
5 7 6 3 0.0
5 7 6 4 0.0
5 7 6 5 0.011033892047394
5 7 6 6 0.0
5 7 6 7 0.0
5 7 7 1 0.0
5 7 7 2 0.0
5 7 7 3 0.0
5 7 7 4 0.0
5 7 7 5 0.014356676714874
5 7 7 6 0.0
5 7 7 7 0.0
6 1 1 1 0.121785349416812
6 1 1 2 0.022309236062653
6 1 1 3 0.000807385153071
6 1 1 4 0.000630798415149
6 1 1 5 0.0
6 1 1 6 0.003683107960076
6 1 1 7 0.003626347038495
6 1 2 1 0.022309236062653
6 1 2 2 0.041611622300923
6 1 2 3 0.001519113027787
6 1 2 4 0.001186861173649
6 1 2 5 0.0
6 1 2 6 0.012121617421746
6 1 2 7 0.011738086015383
6 1 3 1 0.000807385153071
6 1 3 2 0.001519113027787
6 1 3 3 0.04168594504622
6 1 3 4 0.000121848710546
6 1 3 5 0.0
6 1 3 6 0.007487641649768
6 1 3 7 -0.006661611939184
6 1 4 1 0.000630798415149
6 1 4 2 0.001186861173649
6 1 4 3 0.000121848710546
6 1 4 4 0.041625184454921
6 1 4 5 0.0
6 1 4 6 0.005849986797397
6 1 4 7 0.005670572138161
6 1 5 1 0.0
6 1 5 2 0.0
6 1 5 3 0.0
6 1 5 4 0.0
6 1 5 5 0.041529985808763
6 1 5 6 0.0
6 1 5 7 0.0
6 1 6 1 0.003683107960076
6 1 6 2 0.012121617421746
6 1 6 3 0.007487641649768
6 1 6 4 0.005849986797397
6 1 6 5 0.0
6 1 6 6 0.018641085379951
6 1 6 7 0.004091767456984
6 1 7 1 0.003626347038495
6 1 7 2 0.011738086015383
6 1 7 3 -0.006661611939184
6 1 7 4 0.005670572138161
6 1 7 5 0.0
6 1 7 6 0.004091767456984
6 1 7 7 0.017890930404213
6 2 1 1 0.313334133203848
6 2 1 2 0.07284010950806
6 2 1 3 0.004317163347981
6 2 1 4 0.003372937671059
6 2 1 5 0.0
6 2 1 6 0.012121617421746
6 2 1 7 0.011738086015383
6 2 2 1 0.07284010950806
6 2 2 2 0.258884490884116
6 2 2 3 0.033774590907255
6 2 2 4 0.026387602416983
6 2 2 5 0.0
6 2 2 6 0.103816561020432
6 2 2 7 0.082805311891239
6 2 3 1 0.004317163347981
6 2 3 2 0.033774590907255
6 2 3 3 0.262635422168582
6 2 3 4 0.006469355508936
6 2 3 5 0.0
6 2 3 6 0.079876222072782
6 2 3 7 -0.044241691101453
6 2 4 1 0.003372937671059
6 2 4 2 0.026387602416983
6 2 4 3 0.006469355508936
6 2 4 4 0.259409439191131
6 2 4 5 0.0
6 2 4 6 0.062406144205124
6 2 4 7 0.048360757597054
6 2 5 1 0.0
6 2 5 2 0.0
6 2 5 3 0.0
6 2 5 4 0.0
6 2 5 5 0.254355024719237
6 2 5 6 0.0
6 2 5 7 0.0
6 2 6 1 0.012121617421746
6 2 6 2 0.103816561020432
6 2 6 3 0.079876222072782
6 2 6 4 0.062406144205124
6 2 6 5 0.0
6 2 6 6 0.235420950941441
6 2 6 7 0.038415486590652
6 2 7 1 0.011738086015383
6 2 7 2 0.082805311891239
6 2 7 3 -0.044241691101453
6 2 7 4 0.048360757597054
6 2 7 5 0.0
6 2 7 6 0.038415486590652
6 2 7 7 0.151924586584762
6 3 1 1 0.183538575024754
6 3 1 2 0.043197737649215
6 3 1 3 0.009644729450701
6 3 1 4 0.001744920871023
6 3 1 5 0.0
6 3 1 6 0.007487641649768
6 3 1 7 0.006661611939184
6 3 2 1 0.043197737649215
6 3 2 2 0.163910454165551
6 3 2 3 0.064012118671572
6 3 2 4 0.015709756842096
6 3 2 5 0.0
6 3 2 6 0.079876222072782
6 3 2 7 0.044241691101453
6 3 3 1 0.009644729450701
6 3 3 2 0.064012118671572
6 3 3 3 0.175365427696742
6 3 3 4 0.009282755762835
6 3 3 5 0.0
6 3 3 6 0.075103217640351
6 3 3 7 -0.013099738777752
6 3 4 1 0.001744920871023
6 3 4 2 0.015709756842096
6 3 4 3 0.009282755762835
6 3 4 4 0.159606200123556
6 3 4 5 0.0
6 3 4 6 0.047460399285077
6 3 4 7 0.025320151118325
6 3 5 1 0.0
6 3 5 2 0.0
6 3 5 3 0.0
6 3 5 4 0.0
6 3 5 5 0.156572544561561
6 3 5 6 0.0
6 3 5 7 0.0
6 3 6 1 0.007487641649768
6 3 6 2 0.079876222072782
6 3 6 3 0.075103217640351
6 3 6 4 0.047460399285077
6 3 6 5 0.0
6 3 6 6 0.206690042488559
6 3 6 7 0.025685197500691
6 3 7 1 0.006661611939184
6 3 7 2 0.044241691101453
6 3 7 3 -0.013099738777752
6 3 7 4 0.025320151118325
6 3 7 5 0.0
6 3 7 6 0.025685197500691
6 3 7 7 0.073615422819083
6 4 1 1 0.143396050576365
6 4 1 2 0.03374977152294
6 4 1 3 0.001744920871023
6 4 1 4 0.008774614178918
6 4 1 5 0.0
6 4 1 6 0.005849986797397
6 4 1 7 0.005670572138161
6 4 2 1 0.03374977152294
6 4 2 2 0.128060881873733
6 4 2 3 0.015709756842096
6 4 2 4 0.056178354074388
6 4 2 5 0.0
6 4 2 6 0.062406144205124
6 4 2 7 0.048360757597054
6 4 3 1 0.001744920871023
6 4 3 2 0.015709756842096
6 4 3 3 0.126210780623062
6 4 3 4 0.009945153134844
6 4 3 5 0.0
6 4 3 6 0.047460399285077
6 4 3 7 -0.025320151118325
6 4 4 1 0.008774614178918
6 4 4 2 0.056178354074388
6 4 4 3 0.009945153134844
6 4 4 4 0.135497737480495
6 4 4 5 0.0
6 4 4 6 0.051436804504574
6 4 4 7 0.038857871090576
6 4 5 1 0.0
6 4 5 2 0.0
6 4 5 3 0.0
6 4 5 4 0.0
6 4 5 5 0.12232787857153
6 4 5 6 0.0
6 4 5 7 0.0
6 4 6 1 0.005849986797397
6 4 6 2 0.062406144205124
6 4 6 3 0.047460399285077
6 4 6 4 0.051436804504574
6 4 6 5 0.0
6 4 6 6 0.161483959338374
6 4 6 7 0.025974451190177
6 4 7 1 0.005670572138161
6 4 7 2 0.048360757597054
6 4 7 3 -0.025320151118325
6 4 7 4 0.038857871090576
6 4 7 5 0.0
6 4 7 6 0.025974451190177
6 4 7 7 0.096752175289782
6 5 1 1 0.0
6 5 1 2 0.0
6 5 1 3 0.0
6 5 1 4 0.0
6 5 1 5 0.007411332582996
6 5 1 6 0.0
6 5 1 7 0.0
6 5 2 1 0.0
6 5 2 2 0.0
6 5 2 3 0.0
6 5 2 4 0.0
6 5 2 5 0.043904546857743
6 5 2 6 0.0
6 5 2 7 0.0
6 5 3 1 0.0
6 5 3 2 0.0
6 5 3 3 0.0
6 5 3 4 0.0
6 5 3 5 0.006911497572849
6 5 3 6 0.0
6 5 3 7 0.0
6 5 4 1 0.0
6 5 4 2 0.0
6 5 4 3 0.0
6 5 4 4 0.0
6 5 4 5 0.005399853711303
6 5 4 6 0.0
6 5 4 7 0.0
6 5 5 1 0.007411332582996
6 5 5 2 0.043904546857743
6 5 5 3 0.006911497572849
6 5 5 4 0.005399853711303
6 5 5 5 0.0
6 5 5 6 0.014356676714874
6 5 5 7 0.011033892047394
6 5 6 1 0.0
6 5 6 2 0.0
6 5 6 3 0.0
6 5 6 4 0.0
6 5 6 5 0.014356676714874
6 5 6 6 0.0
6 5 6 7 0.0
6 5 7 1 0.0
6 5 7 2 0.0
6 5 7 3 0.0
6 5 7 4 0.0
6 5 7 5 0.011033892047394
6 5 7 6 0.0
6 5 7 7 0.0
6 6 1 1 0.470723326368778
6 6 1 2 0.111191806911617
6 6 1 3 0.008115429695629
6 6 1 4 0.006340468574121
6 6 1 5 0.0
6 6 1 6 0.018641085379951
6 6 1 7 0.017890930404213
6 6 2 1 0.111191806911617
6 6 2 2 0.454660662254829
6 6 2 3 0.088850240147481
6 6 2 4 0.069417415538897
6 6 2 5 0.0
6 6 2 6 0.235420950941441
6 6 2 7 0.151924586584762
6 6 3 1 0.008115429695629
6 6 3 2 0.088850240147481
6 6 3 3 0.469762103528712
6 6 3 4 0.025791716791396
6 6 3 5 0.0
6 6 3 6 0.206690042488559
6 6 3 7 -0.073615422819083
6 6 4 1 0.006340468574121
6 6 4 2 0.069417415538897
6 6 4 3 0.025791716791396
6 6 4 4 0.456900909053721
6 6 4 5 0.0
6 6 4 6 0.161483959338374
6 6 4 7 0.096752175289782
6 6 5 1 0.0
6 6 5 2 0.0
6 6 5 3 0.0
6 6 5 4 0.0
6 6 5 5 0.436750211441671
6 6 5 6 0.0
6 6 5 7 0.0
6 6 6 1 0.018641085379951
6 6 6 2 0.235420950941441
6 6 6 3 0.206690042488559
6 6 6 4 0.161483959338374
6 6 6 5 0.0
6 6 6 6 0.774605943919898
6 6 6 7 0.091353706761488
6 6 7 1 0.017890930404213
6 6 7 2 0.151924586584762
6 6 7 3 -0.073615422819083
6 6 7 4 0.096752175289782
6 6 7 5 0.0
6 6 7 6 0.091353706761488
6 6 7 7 0.302537910673863
6 7 1 1 0.10586444424177
6 7 1 2 0.024847613930679
6 7 1 3 0.0
6 7 1 4 0.001780485118538
6 7 1 5 0.0
6 7 1 6 0.004091767456984
6 7 1 7 0.004091767456984
6 7 2 1 0.024847613930679
6 7 2 2 0.096193087497251
6 7 2 3 0.0
6 7 2 4 0.016738373835546
6 7 2 5 0.0
6 7 2 6 0.038415486590652
6 7 2 7 0.038415486590652
6 7 3 1 0.0
6 7 3 2 0.0
6 7 3 3 0.095806822348931
6 7 3 4 0.0
6 7 3 5 0.0
6 7 3 6 0.025685197500691
6 7 3 7 -0.025685197500691
6 7 4 1 0.001780485118538
6 7 4 2 0.016738373835546
6 7 4 3 0.0
6 7 4 4 0.098762351285116
6 7 4 5 0.0
6 7 4 6 0.025974451190177
6 7 4 7 0.025974451190177
6 7 5 1 0.0
6 7 5 2 0.0
6 7 5 3 0.0
6 7 5 4 0.0
6 7 5 5 0.093903792729994
6 7 5 6 0.0
6 7 5 7 0.0
6 7 6 1 0.004091767456984
6 7 6 2 0.038415486590652
6 7 6 3 0.025685197500691
6 7 6 4 0.025974451190177
6 7 6 5 0.0
6 7 6 6 0.091353706761488
6 7 6 7 0.01786132691686
6 7 7 1 0.004091767456984
6 7 7 2 0.038415486590652
6 7 7 3 -0.025685197500691
6 7 7 4 0.025974451190177
6 7 7 5 0.0
6 7 7 6 0.01786132691686
6 7 7 7 0.091353706761488
7 1 1 1 0.121785349416812
7 1 1 2 0.022309236062653
7 1 1 3 -0.000807385153071
7 1 1 4 0.000630798415149
7 1 1 5 0.0
7 1 1 6 0.003626347038495
7 1 1 7 0.003683107960076
7 1 2 1 0.022309236062653
7 1 2 2 0.041611622300923
7 1 2 3 -0.001519113027787
7 1 2 4 0.001186861173649
7 1 2 5 0.0
7 1 2 6 0.011738086015383
7 1 2 7 0.012121617421746
7 1 3 1 -0.000807385153071
7 1 3 2 -0.001519113027787
7 1 3 3 0.04168594504622
7 1 3 4 -0.000121848710546
7 1 3 5 0.0
7 1 3 6 0.006661611939184
7 1 3 7 -0.007487641649768
7 1 4 1 0.000630798415149
7 1 4 2 0.001186861173649
7 1 4 3 -0.000121848710546
7 1 4 4 0.041625184454921
7 1 4 5 0.0
7 1 4 6 0.005670572138161
7 1 4 7 0.005849986797397
7 1 5 1 0.0
7 1 5 2 0.0
7 1 5 3 0.0
7 1 5 4 0.0
7 1 5 5 0.041529985808763
7 1 5 6 0.0
7 1 5 7 0.0
7 1 6 1 0.003626347038495
7 1 6 2 0.011738086015383
7 1 6 3 0.006661611939184
7 1 6 4 0.005670572138161
7 1 6 5 0.0
7 1 6 6 0.017890930404213
7 1 6 7 0.004091767456984
7 1 7 1 0.003683107960076
7 1 7 2 0.012121617421746
7 1 7 3 -0.007487641649768
7 1 7 4 0.005849986797397
7 1 7 5 0.0
7 1 7 6 0.004091767456984
7 1 7 7 0.018641085379951
7 2 1 1 0.313334133203848
7 2 1 2 0.07284010950806
7 2 1 3 -0.004317163347981
7 2 1 4 0.003372937671059
7 2 1 5 0.0
7 2 1 6 0.011738086015383
7 2 1 7 0.012121617421746
7 2 2 1 0.07284010950806
7 2 2 2 0.258884490884116
7 2 2 3 -0.033774590907255
7 2 2 4 0.026387602416983
7 2 2 5 0.0
7 2 2 6 0.082805311891239
7 2 2 7 0.103816561020432
7 2 3 1 -0.004317163347981
7 2 3 2 -0.033774590907255
7 2 3 3 0.262635422168582
7 2 3 4 -0.006469355508936
7 2 3 5 0.0
7 2 3 6 0.044241691101453
7 2 3 7 -0.079876222072782
7 2 4 1 0.003372937671059
7 2 4 2 0.026387602416983
7 2 4 3 -0.006469355508936
7 2 4 4 0.259409439191131
7 2 4 5 0.0
7 2 4 6 0.048360757597054
7 2 4 7 0.062406144205123
7 2 5 1 0.0
7 2 5 2 0.0
7 2 5 3 0.0
7 2 5 4 0.0
7 2 5 5 0.254355024719237
7 2 5 6 0.0
7 2 5 7 0.0
7 2 6 1 0.011738086015383
7 2 6 2 0.082805311891239
7 2 6 3 0.044241691101453
7 2 6 4 0.048360757597054
7 2 6 5 0.0
7 2 6 6 0.151924586584762
7 2 6 7 0.038415486590652
7 2 7 1 0.012121617421746
7 2 7 2 0.103816561020432
7 2 7 3 -0.079876222072782
7 2 7 4 0.062406144205123
7 2 7 5 0.0
7 2 7 6 0.038415486590652
7 2 7 7 0.235420950941441
7 3 1 1 -0.183538575024754
7 3 1 2 -0.043197737649215
7 3 1 3 0.009644729450701
7 3 1 4 -0.001744920871023
7 3 1 5 0.0
7 3 1 6 -0.006661611939184
7 3 1 7 -0.007487641649768
7 3 2 1 -0.043197737649215
7 3 2 2 -0.163910454165551
7 3 2 3 0.064012118671572
7 3 2 4 -0.015709756842096
7 3 2 5 0.0
7 3 2 6 -0.044241691101453
7 3 2 7 -0.079876222072782
7 3 3 1 0.009644729450701
7 3 3 2 0.064012118671572
7 3 3 3 -0.175365427696742
7 3 3 4 0.009282755762835
7 3 3 5 0.0
7 3 3 6 -0.013099738777752
7 3 3 7 0.075103217640351
7 3 4 1 -0.001744920871023
7 3 4 2 -0.015709756842096
7 3 4 3 0.009282755762835
7 3 4 4 -0.159606200123556
7 3 4 5 0.0
7 3 4 6 -0.025320151118325
7 3 4 7 -0.047460399285077
7 3 5 1 0.0
7 3 5 2 0.0
7 3 5 3 0.0
7 3 5 4 0.0
7 3 5 5 -0.156572544561561
7 3 5 6 0.0
7 3 5 7 0.0
7 3 6 1 -0.006661611939184
7 3 6 2 -0.044241691101453
7 3 6 3 -0.013099738777752
7 3 6 4 -0.025320151118325
7 3 6 5 0.0
7 3 6 6 -0.073615422819083
7 3 6 7 -0.025685197500691
7 3 7 1 -0.007487641649768
7 3 7 2 -0.079876222072782
7 3 7 3 0.075103217640351
7 3 7 4 -0.047460399285077
7 3 7 5 0.0
7 3 7 6 -0.025685197500691
7 3 7 7 -0.20669004248856
7 4 1 1 0.143396050576365
7 4 1 2 0.03374977152294
7 4 1 3 -0.001744920871023
7 4 1 4 0.008774614178918
7 4 1 5 0.0
7 4 1 6 0.005670572138161
7 4 1 7 0.005849986797397
7 4 2 1 0.03374977152294
7 4 2 2 0.128060881873733
7 4 2 3 -0.015709756842096
7 4 2 4 0.056178354074388
7 4 2 5 0.0
7 4 2 6 0.048360757597054
7 4 2 7 0.062406144205123
7 4 3 1 -0.001744920871023
7 4 3 2 -0.015709756842096
7 4 3 3 0.126210780623062
7 4 3 4 -0.009945153134844
7 4 3 5 0.0
7 4 3 6 0.025320151118325
7 4 3 7 -0.047460399285077
7 4 4 1 0.008774614178918
7 4 4 2 0.056178354074388
7 4 4 3 -0.009945153134844
7 4 4 4 0.135497737480495
7 4 4 5 0.0
7 4 4 6 0.038857871090576
7 4 4 7 0.051436804504574
7 4 5 1 0.0
7 4 5 2 0.0
7 4 5 3 0.0
7 4 5 4 0.0
7 4 5 5 0.12232787857153
7 4 5 6 0.0
7 4 5 7 0.0
7 4 6 1 0.005670572138161
7 4 6 2 0.048360757597054
7 4 6 3 0.025320151118325
7 4 6 4 0.038857871090576
7 4 6 5 0.0
7 4 6 6 0.096752175289782
7 4 6 7 0.025974451190177
7 4 7 1 0.005849986797397
7 4 7 2 0.062406144205123
7 4 7 3 -0.047460399285077
7 4 7 4 0.051436804504574
7 4 7 5 0.0
7 4 7 6 0.025974451190177
7 4 7 7 0.161483959338374
7 5 1 1 0.0
7 5 1 2 0.0
7 5 1 3 0.0
7 5 1 4 0.0
7 5 1 5 0.007411332582996
7 5 1 6 0.0
7 5 1 7 0.0
7 5 2 1 0.0
7 5 2 2 0.0
7 5 2 3 0.0
7 5 2 4 0.0
7 5 2 5 0.043904546857743
7 5 2 6 0.0
7 5 2 7 0.0
7 5 3 1 0.0
7 5 3 2 0.0
7 5 3 3 0.0
7 5 3 4 0.0
7 5 3 5 -0.006911497572849
7 5 3 6 0.0
7 5 3 7 0.0
7 5 4 1 0.0
7 5 4 2 0.0
7 5 4 3 0.0
7 5 4 4 0.0
7 5 4 5 0.005399853711303
7 5 4 6 0.0
7 5 4 7 0.0
7 5 5 1 0.007411332582996
7 5 5 2 0.043904546857743
7 5 5 3 -0.006911497572849
7 5 5 4 0.005399853711303
7 5 5 5 0.0
7 5 5 6 0.011033892047394
7 5 5 7 0.014356676714874
7 5 6 1 0.0
7 5 6 2 0.0
7 5 6 3 0.0
7 5 6 4 0.0
7 5 6 5 0.011033892047394
7 5 6 6 0.0
7 5 6 7 0.0
7 5 7 1 0.0
7 5 7 2 0.0
7 5 7 3 0.0
7 5 7 4 0.0
7 5 7 5 0.014356676714874
7 5 7 6 0.0
7 5 7 7 0.0
7 6 1 1 0.10586444424177
7 6 1 2 0.024847613930679
7 6 1 3 0.0
7 6 1 4 0.001780485118538
7 6 1 5 0.0
7 6 1 6 0.004091767456984
7 6 1 7 0.004091767456984
7 6 2 1 0.024847613930679
7 6 2 2 0.096193087497251
7 6 2 3 0.0
7 6 2 4 0.016738373835546
7 6 2 5 0.0
7 6 2 6 0.038415486590652
7 6 2 7 0.038415486590652
7 6 3 1 0.0
7 6 3 2 0.0
7 6 3 3 0.095806822348931
7 6 3 4 0.0
7 6 3 5 0.0
7 6 3 6 0.025685197500691
7 6 3 7 -0.025685197500691
7 6 4 1 0.001780485118538
7 6 4 2 0.016738373835546
7 6 4 3 0.0
7 6 4 4 0.098762351285116
7 6 4 5 0.0
7 6 4 6 0.025974451190177
7 6 4 7 0.025974451190177
7 6 5 1 0.0
7 6 5 2 0.0
7 6 5 3 0.0
7 6 5 4 0.0
7 6 5 5 0.093903792729994
7 6 5 6 0.0
7 6 5 7 0.0
7 6 6 1 0.004091767456984
7 6 6 2 0.038415486590652
7 6 6 3 0.025685197500691
7 6 6 4 0.025974451190177
7 6 6 5 0.0
7 6 6 6 0.091353706761488
7 6 6 7 0.01786132691686
7 6 7 1 0.004091767456984
7 6 7 2 0.038415486590652
7 6 7 3 -0.025685197500691
7 6 7 4 0.025974451190177
7 6 7 5 0.0
7 6 7 6 0.01786132691686
7 6 7 7 0.091353706761488
7 7 1 1 0.470723326368778
7 7 1 2 0.111191806911617
7 7 1 3 -0.008115429695629
7 7 1 4 0.006340468574121
7 7 1 5 0.0
7 7 1 6 0.017890930404213
7 7 1 7 0.018641085379951
7 7 2 1 0.111191806911617
7 7 2 2 0.454660662254829
7 7 2 3 -0.088850240147481
7 7 2 4 0.069417415538897
7 7 2 5 0.0
7 7 2 6 0.151924586584762
7 7 2 7 0.235420950941441
7 7 3 1 -0.008115429695629
7 7 3 2 -0.088850240147481
7 7 3 3 0.469762103528713
7 7 3 4 -0.025791716791396
7 7 3 5 0.0
7 7 3 6 0.073615422819083
7 7 3 7 -0.20669004248856
7 7 4 1 0.006340468574121
7 7 4 2 0.069417415538897
7 7 4 3 -0.025791716791396
7 7 4 4 0.456900909053721
7 7 4 5 0.0
7 7 4 6 0.096752175289782
7 7 4 7 0.161483959338374
7 7 5 1 0.0
7 7 5 2 0.0
7 7 5 3 0.0
7 7 5 4 0.0
7 7 5 5 0.436750211441671
7 7 5 6 0.0
7 7 5 7 0.0
7 7 6 1 0.017890930404213
7 7 6 2 0.151924586584762
7 7 6 3 0.073615422819083
7 7 6 4 0.096752175289782
7 7 6 5 0.0
7 7 6 6 0.302537910673863
7 7 6 7 0.091353706761488
7 7 7 1 0.018641085379951
7 7 7 2 0.235420950941441
7 7 7 3 -0.20669004248856
7 7 7 4 0.161483959338374
7 7 7 5 0.0
7 7 7 6 0.091353706761488
7 7 7 7 0.774605943919898
